<?xml version="1.0" encoding="UTF-8"?>
<testng-results ignored="0" total="1" passed="1" failed="0" skipped="0">
  <reporter-output>
    <line>
      <![CDATA[Customer-00000000908          Customer-00000000908]]>
    </line>
  </reporter-output>
  <suite started-at="2025-06-24T13:48:47 IST" name="Surefire suite" finished-at="2025-06-24T13:49:09 IST" duration-ms="22619">
    <groups>
    </groups>
    <test started-at="2025-06-24T13:48:47 IST" name="Surefire test" finished-at="2025-06-24T13:49:09 IST" duration-ms="22619">
      <class name="driverFactory.AppTest">
        <test-method signature="startTest()[pri:0, instance:driverFactory.AppTest@cad498c]" started-at="2025-06-24T13:48:47 IST" name="startTest" finished-at="2025-06-24T13:49:09 IST" duration-ms="22583" status="PASS">
          <reporter-output>
            <line>
              <![CDATA[Customer-00000000908          Customer-00000000908]]>
            </line>
          </reporter-output>
        </test-method> <!-- startTest -->
      </class> <!-- driverFactory.AppTest -->
    </test> <!-- Surefire test -->
  </suite> <!-- Surefire suite -->
</testng-results>
