<?xml version="1.0" encoding="UTF-8"?>
<testng-results ignored="0" total="1" passed="1" failed="0" skipped="0">
  <reporter-output>
  </reporter-output>
  <suite started-at="2025-06-27T12:52:21 IST" name="Surefire suite" finished-at="2025-06-27T12:52:56 IST" duration-ms="34937">
    <groups>
    </groups>
    <test started-at="2025-06-27T12:52:21 IST" name="Surefire test" finished-at="2025-06-27T12:52:56 IST" duration-ms="34937">
      <class name="driverFactory.AppTest">
        <test-method signature="startTest()[pri:0, instance:driverFactory.AppTest@33afa13b]" started-at="2025-06-27T12:52:21 IST" name="startTest" finished-at="2025-06-27T12:52:56 IST" duration-ms="34888" status="PASS">
          <reporter-output>
          </reporter-output>
        </test-method> <!-- startTest -->
      </class> <!-- driverFactory.AppTest -->
    </test> <!-- Surefire test -->
  </suite> <!-- Surefire suite -->
</testng-results>
